0 silly argv {
0 silly argv   _: [ 'version' ],
0 silly argv   yes: true,
0 silly argv   y: true,
0 silly argv   lernaVersion: '7.1.4',
0 silly argv   '$0': '/Users/zhangxiang/gitwork/canvas/minigame/node_modules/.bin/lerna',
0 silly argv   bump: 'patch'
0 silly argv }
1 notice cli v7.1.4
2 verbose packageConfigs Explicit "packages" configuration found in lerna.json. Resolving packages using the configured glob(s): ["packages/*"]
3 verbose rootPath /Users/zhangxiang/gitwork/canvas/minigame
4 info current version 0.1.17
5 silly isAnythingCommitted
6 verbose isAnythingCommitted 1
7 silly getCurrentBranch
8 verbose currentBranch dev
9 silly remoteBranchExists
10 silly isBehindUpstream
11 error Error: Command failed with exit code 1: git remote update
11 error kex_exchange_identification: Connection closed by remote host
11 error Connection closed by 198.18.0.26 port 22
11 error fatal: Could not read from remote repository.
11 error
11 error Please make sure you have the correct access rights
11 error and the repository exists.
11 error error: could not fetch origin
11 error Fetching origin
11 error Fetching congeer
11 error     at makeError (/Users/zhangxiang/gitwork/canvas/minigame/node_modules/execa/lib/error.js:59:11)
11 error     at module.exports.sync (/Users/zhangxiang/gitwork/canvas/minigame/node_modules/execa/index.js:186:17)
11 error     at Object.execSync (/Users/zhangxiang/gitwork/canvas/minigame/node_modules/@lerna/child-process/index.js:39:16)
11 error     at updateRemote (/Users/zhangxiang/gitwork/canvas/minigame/node_modules/lerna/dist/index.js:7613:18)
11 error     at isBehindUpstream (/Users/zhangxiang/gitwork/canvas/minigame/node_modules/lerna/dist/index.js:7603:3)
11 error     at VersionCommand.initialize (/Users/zhangxiang/gitwork/canvas/minigame/node_modules/lerna/dist/index.js:7913:57)
